================================================================================
Usuario  1: GABRIEL        
Data      : 26/05/2020
Horas     : 09:16:04
SubSystem : BASE
SubCode   : 1123
Variavel  : HB_ATOKENS
Arquivo   : 
Area      : CADCLI
Indice    : est
Descricao : Erro nos parƒmetros
Explanacao: ERRO NAO DOCUMENTADO.
Acao      : IMPRIMA ESTA TELA. E ENTRE EM CONTATO COM O
Acao      : SUPORTE TECNICO ATRAVES DO TEL (69)3451.3085 ou VCATAFESTA@GMAIL.COM
--------------------------------------------------------------------------------
PILHA DE CARGA
                Linha : 000000    Proc : HB_ATOKENS
                Linha : 000000    Proc : SWPSETENV
                Linha : 003556    Proc : SENDMAIL
                Linha : 003412    Proc : CLOSESPOOLER
                Linha : 003259    Proc : PRINTOFF
                Linha : 000073    Proc : TRELATO:PRINTOFF
                Linha : 001111    Proc : LSTCLI
                Linha : 000496    Proc : (b)MONTA_MENU
                Linha : 000000    Proc : HBMENUSYS:EXECUTE
                Linha : 000000    Proc : HBMENUSYS:MODAL
                Linha : 000000    Proc : MENUMODAL
                Linha : 000089    Proc : MAIN$
================================================================================
