================================================================================
Usuario  1: GABRIEL        
Data      : 23/05/2020
Horas     : 20:57:00
SubSystem : BASE
SubCode   : 1003
Variavel  : TEF
Arquivo   : 
Area      : CEP
Indice    : cep
Descricao : VARIAVEL NAO EXISTE.
Explanacao: A VARIAVEL ESPECIFICADA NAO EXISTE OU NAO E VISIVEL.
Acao      : ENTRE EM CONTATO COM O SUPORTE TECNICO.
Acao      : 
--------------------------------------------------------------------------------
PILHA DE CARGA
                Linha : 000538    Proc : CLIENTESINCLUSAO
                Linha : 000113    Proc : (b)MONTA_MENU
                Linha : 000000    Proc : HBMENUSYS:EXECUTE
                Linha : 000000    Proc : HBMENUSYS:MODAL
                Linha : 000000    Proc : MENUMODAL
                Linha : 000091    Proc : MAIN
================================================================================
